[00:22:33] [INIT] KubeJS 2001.6.4-build.130; MC 2001 forge
[00:22:33] [INIT] Loaded plugins:
[00:22:33] [INIT] - dev.latvian.mods.kubejs.forge.BuiltinKubeJSForgePlugin
[00:22:33] [INIT] - com.lowdragmc.lowdraglib.kjs.LDLibKubeJSPlugin
[00:22:33] [INIT] - dev.ftb.mods.ftbxmodcompat.ftbquests.kubejs.KubeJSIntegration
[00:22:33] [INIT] - dev.ftb.mods.ftbxmodcompat.ftbchunks.kubejs.FTBChunksKubeJSPlugin
[00:22:33] [INIT] - dev.ftb.mods.ftbxmodcompat.ftbteams.kubejs.FTBTeamsKubeJSPlugin
[00:22:33] [INIT] - com.gregtechceu.gtceu.integration.kjs.GregTechKubeJSPlugin
[00:22:33] [INIT] - com.tom.createores.kubejs.KubeJSExcavation
[00:22:33] [INIT] - com.almostreliable.morejs.Plugin
[00:22:33] [INIT] - com.blakebr0.cucumber.compat.kubejs.CucumberKubeJSPlugin
[00:22:33] [INIT] - com.almostreliable.ponderjs.PonderJSPlugin
[00:22:42] [INFO] Loaded script server_scripts:postUnify/_before.js in 0.02 s
[00:22:42] [INFO] Loaded script server_scripts:postUnify/dust.js in 0.001 s
[00:22:42] [INFO] Loaded script server_scripts:postUnify/wires.js in 0.001 s
[00:22:42] [INFO] Loaded script server_scripts:postUnify/storage_blocks.js in 0.001 s
[00:22:42] [INFO] Loaded script server_scripts:postUnify/ingots.js in 0.001 s
[00:22:42] [INFO] Loaded script server_scripts:postUnify/nuggets.js in 0.0 s
[00:22:42] [INFO] Loaded script server_scripts:postUnify/raw_materials.js in 0.001 s
[00:22:42] [INFO] Loaded script server_scripts:postUnify/plates.js in 0.0 s
[00:22:42] [INFO] Loaded script server_scripts:postUnify/rods.js in 0.0 s
[00:22:42] [INFO] Loaded script server_scripts:postUnify/gears.js in 0.0 s
[00:22:42] [INFO] Loaded script server_scripts:mods/chemlib/craftRemove.js in 0.001 s
[00:22:42] [INFO] Loaded script server_scripts:modpack/patrick_star.js in 0.0 s
[00:22:42] [INFO] Loaded script server_scripts:modpack/atm_alloy_tools.js in 0.0 s
[00:22:42] [INFO] Loaded script server_scripts:modpack/att_items.js in 0.001 s
[00:22:42] [INFO] Loaded script server_scripts:modpack/atm_alloys.js in 0.0 s
[00:22:42] [INFO] Loaded script server_scripts:modpack/mini_portals.js in 0.0 s
[00:22:42] [INFO] Loaded script server_scripts:modpack/atm_shard.js in 0.0 s
[00:22:42] [INFO] Loaded script server_scripts:modpack/music_discs.js in 0.001 s
[00:22:42] [INFO] Loaded script server_scripts:modpack/atm_star.js in 0.0 s
[00:22:42] [INFO] Loaded script server_scripts:modpack/atm_star_creative.js in 0.0 s
[00:22:42] [INFO] Loaded script server_scripts:conflicts.js in 0.001 s
[00:22:42] [INFO] Loaded script server_scripts:xpFluids.js in 0.0 s
[00:22:42] [INFO] Loaded script server_scripts:mods/rftools/builder.js in 0.0 s
[00:22:42] [INFO] Loaded script server_scripts:mods/angelring/angelring.js in 0.0 s
[00:22:42] [INFO] Loaded script server_scripts:mods/mininggadgets/upgrade.js in 0.0 s
[00:22:42] [INFO] Loaded script server_scripts:mods/endermanoverhaul/tags.js in 0.001 s
[00:22:42] [INFO] Loaded script server_scripts:mods/reliquary/reliquary.js in 0.0 s
[00:22:42] [INFO] Loaded script server_scripts:mods/er2/extremereactors2.js in 0.0 s
[00:22:42] [INFO] Loaded script server_scripts:mods/industrialforegoing/fluid_extractor.js in 0.0 s
[00:22:42] [INFO] Loaded script server_scripts:mods/industrialforegoing/industrial_foregoing.js in 0.0 s
[00:22:42] [INFO] Loaded script server_scripts:mods/timeinabottle/recipes.js in 0.0 s
[00:22:42] [INFO] Loaded script server_scripts:mods/quarryplus/quarrying.js in 0.0 s
[00:22:42] [INFO] Loaded script server_scripts:mods/ad_astra/ad_astra.js in 0.0 s
[00:22:42] [INFO] Loaded script server_scripts:mods/mysticalagriculture/crafting.js in 0.0 s
[00:22:42] [INFO] Loaded script server_scripts:mods/mysticalagriculture/cropRemove.js in 0.0 s
[00:22:42] [INFO] mods/mysticalagriculture/crops.js#1: Loaded Java class 'com.blakebr0.mysticalagriculture.registry.CropRegistry'
[00:22:42] [INFO] Loaded script server_scripts:mods/mysticalagriculture/crops.js in 0.001 s
[00:22:42] [INFO] mods/chemlib/blocks.js#1: Loaded Java class 'com.smashingmods.chemlib.registry.ItemRegistry'
[00:22:42] [INFO] Loaded script server_scripts:mods/chemlib/blocks.js in 0.0 s
[00:22:42] [INFO] Loaded script server_scripts:mods/mekanism/mekanism.js in 0.0 s
[00:22:42] [INFO] Loaded script server_scripts:mods/mekanism/mekanismServer.js in 0.0 s
[00:22:42] [INFO] Loaded script server_scripts:mods/IndustrialForegoingSouls/blacklist.js in 0.0 s
[00:22:42] [INFO] Loaded script server_scripts:mods/IndustrialForegoingSouls/recipes.js in 0.0 s
[00:22:42] [INFO] Loaded script server_scripts:mods/buildinggadgets/recipes.js in 0.0 s
[00:22:42] [INFO] Loaded script server_scripts:mods/computercraft/turtles.js in 0.0 s
[00:22:42] [INFO] Loaded script server_scripts:mods/gtceu/mega_fusion_recipes.js in 0.0 s
[00:22:42] [INFO] Loaded script server_scripts:mods/gtceu/micro_universe_orb_recipes.js in 0.001 s
[00:22:42] [INFO] Loaded script server_scripts:mods/gtceu/gtceu.js in 0.0 s
[00:22:42] [INFO] Loaded script server_scripts:mods/gtceu/starforge_recipes.js in 0.0 s
[00:22:42] [INFO] mods/gtceu/mining_dim_ores.js#1: Loaded Java class 'com.gregtechceu.gtceu.api.data.worldgen.generator.veins.VeinedVeinGenerator'
[00:22:42] [INFO] mods/gtceu/mining_dim_ores.js#2: Loaded Java class 'com.gregtechceu.gtceu.api.data.worldgen.generator.veins.DikeVeinGenerator'
[00:22:42] [INFO] Loaded script server_scripts:mods/gtceu/mining_dim_ores.js in 0.057 s
[00:22:42] [INFO] Loaded script server_scripts:mods/mob_grinding_utils/recipes.js in 0.0 s
[00:22:42] [INFO] Loaded script server_scripts:mods/silent_gear/salvager.js in 0.0 s
[00:22:42] [INFO] mods/farmingforblockheads/market.js#60: Loaded Java class 'net.blay09.mods.farmingforblockheads.api.FarmingForBlockheadsAPI'
[00:22:42] [INFO] Loaded script server_scripts:mods/farmingforblockheads/market.js in 0.001 s
[00:22:42] [INFO] Loaded script server_scripts:mods/ae/recipes.js in 0.0 s
[00:22:42] [INFO] Loaded script server_scripts:mods/structure_compass/structure_compass.js in 0.0 s
[00:22:42] [INFO] Loaded script server_scripts:mods/sushigocrafting/sushigocrafting.js in 0.0 s
[00:22:42] [INFO] Loaded script server_scripts:mods/ftbquests/customTask.js in 0.001 s
[00:22:42] [INFO] Loaded script server_scripts:mods/evilcraft/evilcraft.js in 0.0 s
[00:22:42] [INFO] Loaded script server_scripts:mods/ars_nouveau/ars_nouveau.js in 0.0 s
[00:22:42] [INFO] Loaded script server_scripts:mods/minecolonies/mineship.js in 0.0 s
[00:22:42] [INFO] Loaded script server_scripts:mods/bloodmagic/meteors.js in 0.001 s
[00:22:42] [INFO] Loaded script server_scripts:mods/cataclysm/cataclysm.js in 0.0 s
[00:22:42] [INFO] Loaded script server_scripts:mods/reliquary.js in 0.0 s
[00:22:42] [INFO] Loaded script server_scripts:mods/create/crushed_silver.js in 0.0 s
[00:22:42] [INFO] Loaded script server_scripts:mods/create/crushed_aluminum.js in 0.0 s
[00:22:42] [INFO] Loaded script server_scripts:mods/create/create.js in 0.0 s
[00:22:42] [INFO] Loaded script server_scripts:mods/create/crushed_platinum.js in 0.0 s
[00:22:42] [INFO] Loaded script server_scripts:mods/create/crushed_lead.js in 0.0 s
[00:22:42] [INFO] Loaded script server_scripts:mods/create/crushed_nickel.js in 0.0 s
[00:22:42] [INFO] Loaded script server_scripts:mods/create/crushed_uranium.js in 0.0 s
[00:22:42] [INFO] Loaded script server_scripts:mods/create/crushed_tin.js in 0.0 s
[00:22:42] [INFO] Loaded script server_scripts:mods/create/crushed_osmium.js in 0.0 s
[00:22:42] [INFO] Loaded script server_scripts:mods/hostileneuralnetworks/hnn.js in 0.0 s
[00:22:42] [INFO] Loaded script server_scripts:mods/entangled/recipes.js in 0.0 s
[00:22:42] [INFO] Loaded script server_scripts:tags.js in 0.001 s
[00:22:42] [INFO] Loaded script server_scripts:miningDim.js in 0.0 s
[00:22:42] [INFO] Loaded script server_scripts:quark.js in 0.001 s
[00:22:42] [INFO] Loaded 75/75 KubeJS server scripts in 0.127 s with 0 errors and 0 warnings
[00:22:42] [INFO] Scripts loaded
[00:22:42] [INFO] Initializing recipe event...
[00:22:51] [INFO] [minecraft:fluid] Found 111 tags, added 0 objects, removed 8 objects
[00:22:52] [INFO] [minecraft:entity_type] Found 212 tags, added 60 objects, removed 0 objects
[00:22:57] [INFO] [minecraft:item] Found 4521 tags, added 118 objects, removed 0 objects
[00:22:57] [INFO] [minecraft:block] Found 2004 tags, added 292 objects, removed 0 objects
[00:23:10] [INFO] Processing recipes...
[00:23:10] [WARN] Failed to parse recipe 'aiotbotania:smithing/alfsteel_shovel[minecraft:smithing_transform]'! Falling back to vanilla: Ingredient 'template' can't be empty!
[00:23:10] [WARN] Failed to parse recipe 'twilightdelight:teardrop_sword[minecraft:smithing_transform]'! Falling back to vanilla: Ingredient 'template' can't be empty!
[00:23:10] [WARN] Failed to parse recipe 'aiotbotania:smithing/alfsteel_hoe[minecraft:smithing_transform]'! Falling back to vanilla: Ingredient 'template' can't be empty!
[00:23:10] [INFO] Found 78329 recipes in 509.1 ms
[00:23:13] [INFO] Posted recipe events in 2.880 s
[00:23:13] [WARN] Error parsing recipe railways:sequenced_assembly/track_blue_skies_cherry_wide[create:sequenced_assembly]: {"fabric:load_conditions":[{"condition":"fabric:all_mods_loaded","values":["blue_skies"]}],"type":"create:sequenced_assembly","conditions":[{"type":"forge:mod_loaded","modid":"blue_skies"}],"ingredient":{"item":"railways:track_blue_skies_cherry"},"loops":1,"results":[{"item":"railways:track_blue_skies_cherry_wide"}],"sequence":[{"type":"create:cutting","ingredients":[{"item":"railways:track_incomplete_blue_skies_cherry_wide"}],"results":[{"item":"railways:track_incomplete_blue_skies_cherry_wide"}]},{"type":"create:deploying","ingredients":[{"item":"railways:track_incomplete_blue_skies_cherry_wide"},{"item":"blue_skies:cherry_slab"}],"results":[{"item":"railways:track_incomplete_blue_skies_cherry_wide"}]},{"type":"create:pressing","ingredients":[{"item":"railways:track_incomplete_blue_skies_cherry_wide"}],"results":[{"item":"railways:track_incomplete_blue_skies_cherry_wide"}]}],"transitionalItem":{"item":"railways:track_incomplete_blue_skies_cherry_wide"}}: Unknown item 'blue_skies:cherry_slab'
[00:23:14] [WARN] Error parsing recipe thermal:furnace/allthecompressed/stone/deepslate/9x[thermal:furnace]: {"type":"thermal:furnace","ingredient":{"item":"allthecompressed:cobbled_deepslate_block_9x","count":1},"result":{"item":"allthecompressed:deepslate_block_9x"},"energy":2400000,"conditions":[{"type":"forge:and","values":[{"type":"forge:not","value":{"type":"forge:mod_loaded","modid":"compressium"}},{"type":"forge:mod_loaded","modid":"thermal"}]}]}: Invalid Thermal Series recipe: thermal:furnace/allthecompressed/stone/deepslate/9x
Refer to the recipe's ResourceLocation to find the mod responsible and let them know!
[00:23:14] [WARN] Error parsing recipe create:cutting/compat/forbidden_arcanus/stripped_mysterywood[create:cutting]: {"type":"create:cutting","conditions":[{"type":"forge:mod_loaded","modid":"forbidden_arcanus"}],"ingredients":[{"item":"forbidden_arcanus:stripped_mysterywood"}],"processingTime":50,"results":[{"count":6,"item":"forbidden_arcanus:mysterywood_planks"}]}: Unknown item 'forbidden_arcanus:stripped_mysterywood'
[00:23:14] [WARN] Error parsing recipe create:cutting/compat/forbidden_arcanus/mysterywood_log[create:cutting]: {"type":"create:cutting","conditions":[{"type":"forge:mod_loaded","modid":"forbidden_arcanus"}],"ingredients":[{"item":"forbidden_arcanus:mysterywood_log"}],"processingTime":50,"results":[{"item":"forbidden_arcanus:stripped_mysterywood_log"}]}: Unknown item 'forbidden_arcanus:mysterywood_log'
[00:23:14] [WARN] Error parsing recipe create:cutting/compat/blue_skies/stripped_cherry_log[create:cutting]: {"type":"create:cutting","conditions":[{"type":"forge:mod_loaded","modid":"blue_skies"}],"ingredients":[{"item":"blue_skies:stripped_cherry_log"}],"processingTime":50,"results":[{"count":6,"item":"blue_skies:cherry_planks"}]}: Unknown item 'blue_skies:stripped_cherry_log'
[00:23:14] [WARN] Error parsing recipe create:cutting/compat/blue_skies/cherry_log[create:cutting]: {"type":"create:cutting","conditions":[{"type":"forge:mod_loaded","modid":"blue_skies"}],"ingredients":[{"item":"blue_skies:cherry_log"}],"processingTime":50,"results":[{"item":"blue_skies:stripped_cherry_log"}]}: Unknown item 'blue_skies:cherry_log'
[00:23:14] [WARN] Error parsing recipe thermal:compat/biomesoplenty/insolator_bop_pink_cherry_sapling[thermal:insolator]: {"type":"thermal:insolator","ingredient":{"item":"biomesoplenty:pink_cherry_sapling"},"result":[{"item":"biomesoplenty:cherry_log","chance":6.0},{"item":"biomesoplenty:pink_cherry_sapling","chance":1.1}],"energy_mod":3.0,"water_mod":3.0,"conditions":[{"type":"thermal:flag","flag":"mod_biomesoplenty"}]}: Invalid Thermal Series recipe: thermal:compat/biomesoplenty/insolator_bop_pink_cherry_sapling
Refer to the recipe's ResourceLocation to find the mod responsible and let them know!
[00:23:14] [WARN] Error parsing recipe railways:sequenced_assembly/track_blue_skies_cherry_narrow[create:sequenced_assembly]: {"fabric:load_conditions":[{"condition":"fabric:all_mods_loaded","values":["blue_skies"]}],"type":"create:sequenced_assembly","conditions":[{"type":"forge:mod_loaded","modid":"blue_skies"}],"ingredient":{"item":"blue_skies:cherry_slab"},"loops":1,"results":[{"item":"railways:track_blue_skies_cherry_narrow"}],"sequence":[{"type":"create:cutting","ingredients":[{"item":"railways:track_incomplete_blue_skies_cherry_narrow"}],"results":[{"item":"railways:track_incomplete_blue_skies_cherry_narrow"}]},{"type":"create:deploying","ingredients":[{"item":"railways:track_incomplete_blue_skies_cherry_narrow"},[{"tag":"railways:internal/nuggets/iron_nuggets"},{"tag":"railways:internal/nuggets/zinc_nuggets"}]],"results":[{"item":"railways:track_incomplete_blue_skies_cherry_narrow"}]},{"type":"create:pressing","ingredients":[{"item":"railways:track_incomplete_blue_skies_cherry_narrow"}],"results":[{"item":"railways:track_incomplete_blue_skies_cherry_narrow"}]}],"transitionalItem":{"item":"railways:track_incomplete_blue_skies_cherry_narrow"}}: Unknown item 'blue_skies:cherry_slab'
[00:23:14] [WARN] Error parsing recipe create:cutting/compat/forbidden_arcanus/mysterywood[create:cutting]: {"type":"create:cutting","conditions":[{"type":"forge:mod_loaded","modid":"forbidden_arcanus"}],"ingredients":[{"item":"forbidden_arcanus:mysterywood"}],"processingTime":50,"results":[{"item":"forbidden_arcanus:stripped_mysterywood"}]}: Unknown item 'forbidden_arcanus:mysterywood'
[00:23:14] [WARN] Error parsing recipe create:cutting/compat/forbidden_arcanus/stripped_cherrywood_log[create:cutting]: {"type":"create:cutting","conditions":[{"type":"forge:mod_loaded","modid":"forbidden_arcanus"}],"ingredients":[{"item":"forbidden_arcanus:stripped_cherrywood_log"}],"processingTime":50,"results":[{"count":6,"item":"forbidden_arcanus:cherrywood_planks"}]}: Unknown item 'forbidden_arcanus:stripped_cherrywood_log'
[00:23:14] [WARN] Error parsing recipe create:cutting/compat/biomesoplenty/cherry_log[create:cutting]: {"type":"create:cutting","conditions":[{"type":"forge:mod_loaded","modid":"biomesoplenty"}],"ingredients":[{"item":"biomesoplenty:cherry_log"}],"processingTime":50,"results":[{"item":"biomesoplenty:stripped_cherry_log"}]}: Unknown item 'biomesoplenty:cherry_log'
[00:23:14] [WARN] Error parsing recipe create:cutting/compat/forbidden_arcanus/cherrywood_log[create:cutting]: {"type":"create:cutting","conditions":[{"type":"forge:mod_loaded","modid":"forbidden_arcanus"}],"ingredients":[{"item":"forbidden_arcanus:cherrywood_log"}],"processingTime":50,"results":[{"item":"forbidden_arcanus:stripped_cherrywood_log"}]}: Unknown item 'forbidden_arcanus:cherrywood_log'
[00:23:14] [WARN] Error parsing recipe create:cutting/compat/blue_skies/stripped_cherry_wood[create:cutting]: {"type":"create:cutting","conditions":[{"type":"forge:mod_loaded","modid":"blue_skies"}],"ingredients":[{"item":"blue_skies:stripped_cherry_wood"}],"processingTime":50,"results":[{"count":6,"item":"blue_skies:cherry_planks"}]}: Unknown item 'blue_skies:stripped_cherry_wood'
[00:23:14] [WARN] Error parsing recipe railways:sequenced_assembly/track_blue_skies_cherry[create:sequenced_assembly]: {"fabric:load_conditions":[{"condition":"fabric:all_mods_loaded","values":["blue_skies"]}],"type":"create:sequenced_assembly","conditions":[{"type":"forge:mod_loaded","modid":"blue_skies"}],"ingredient":{"item":"blue_skies:cherry_slab"},"loops":1,"results":[{"item":"railways:track_blue_skies_cherry"}],"sequence":[{"type":"create:deploying","ingredients":[{"item":"railways:track_incomplete_blue_skies_cherry"},[{"tag":"railways:internal/nuggets/iron_nuggets"},{"tag":"railways:internal/nuggets/zinc_nuggets"}]],"results":[{"item":"railways:track_incomplete_blue_skies_cherry"}]},{"type":"create:deploying","ingredients":[{"item":"railways:track_incomplete_blue_skies_cherry"},[{"tag":"railways:internal/nuggets/iron_nuggets"},{"tag":"railways:internal/nuggets/zinc_nuggets"}]],"results":[{"item":"railways:track_incomplete_blue_skies_cherry"}]},{"type":"create:pressing","ingredients":[{"item":"railways:track_incomplete_blue_skies_cherry"}],"results":[{"item":"railways:track_incomplete_blue_skies_cherry"}]}],"transitionalItem":{"item":"railways:track_incomplete_blue_skies_cherry"}}: Unknown item 'blue_skies:cherry_slab'
[00:23:14] [WARN] Error parsing recipe create:cutting/compat/forbidden_arcanus/stripped_cherrywood[create:cutting]: {"type":"create:cutting","conditions":[{"type":"forge:mod_loaded","modid":"forbidden_arcanus"}],"ingredients":[{"item":"forbidden_arcanus:stripped_cherrywood"}],"processingTime":50,"results":[{"count":6,"item":"forbidden_arcanus:cherrywood_planks"}]}: Unknown item 'forbidden_arcanus:stripped_cherrywood'
[00:23:14] [WARN] Error parsing recipe thermal:furnace/allthecompressed/terracotta/1x[thermal:furnace]: {"type":"thermal:furnace","ingredient":{"item":"allthecompressed:clay_block_1x","count":1},"result":{"item":"allthecompressed:terracotta_block_1x"},"energy":240000,"conditions":[{"type":"forge:and","values":[{"type":"forge:not","value":{"type":"forge:mod_loaded","modid":"compressium"}},{"type":"forge:mod_loaded","modid":"thermal"}]}]}: Invalid Thermal Series recipe: thermal:furnace/allthecompressed/terracotta/1x
Refer to the recipe's ResourceLocation to find the mod responsible and let them know!
[00:23:14] [WARN] Error parsing recipe thermal:furnace/allthecompressed/terracotta/2x[thermal:furnace]: {"type":"thermal:furnace","ingredient":{"item":"allthecompressed:clay_block_2x","count":1},"result":{"item":"allthecompressed:terracotta_block_2x"},"energy":480000,"conditions":[{"type":"forge:and","values":[{"type":"forge:not","value":{"type":"forge:mod_loaded","modid":"compressium"}},{"type":"forge:mod_loaded","modid":"thermal"}]}]}: Invalid Thermal Series recipe: thermal:furnace/allthecompressed/terracotta/2x
Refer to the recipe's ResourceLocation to find the mod responsible and let them know!
[00:23:14] [WARN] Error parsing recipe thermal:furnace/allthecompressed/terracotta/5x[thermal:furnace]: {"type":"thermal:furnace","ingredient":{"item":"allthecompressed:clay_block_5x","count":1},"result":{"item":"allthecompressed:terracotta_block_5x"},"energy":1200000,"conditions":[{"type":"forge:and","values":[{"type":"forge:not","value":{"type":"forge:mod_loaded","modid":"compressium"}},{"type":"forge:mod_loaded","modid":"thermal"}]}]}: Invalid Thermal Series recipe: thermal:furnace/allthecompressed/terracotta/5x
Refer to the recipe's ResourceLocation to find the mod responsible and let them know!
[00:23:14] [WARN] Error parsing recipe thermal:furnace/allthecompressed/terracotta/6x[thermal:furnace]: {"type":"thermal:furnace","ingredient":{"item":"allthecompressed:clay_block_6x","count":1},"result":{"item":"allthecompressed:terracotta_block_6x"},"energy":1440000,"conditions":[{"type":"forge:and","values":[{"type":"forge:not","value":{"type":"forge:mod_loaded","modid":"compressium"}},{"type":"forge:mod_loaded","modid":"thermal"}]}]}: Invalid Thermal Series recipe: thermal:furnace/allthecompressed/terracotta/6x
Refer to the recipe's ResourceLocation to find the mod responsible and let them know!
[00:23:14] [WARN] Error parsing recipe thermal:furnace/allthecompressed/terracotta/3x[thermal:furnace]: {"type":"thermal:furnace","ingredient":{"item":"allthecompressed:clay_block_3x","count":1},"result":{"item":"allthecompressed:terracotta_block_3x"},"energy":720000,"conditions":[{"type":"forge:and","values":[{"type":"forge:not","value":{"type":"forge:mod_loaded","modid":"compressium"}},{"type":"forge:mod_loaded","modid":"thermal"}]}]}: Invalid Thermal Series recipe: thermal:furnace/allthecompressed/terracotta/3x
Refer to the recipe's ResourceLocation to find the mod responsible and let them know!
[00:23:14] [WARN] Error parsing recipe thermal:furnace/allthecompressed/terracotta/4x[thermal:furnace]: {"type":"thermal:furnace","ingredient":{"item":"allthecompressed:clay_block_4x","count":1},"result":{"item":"allthecompressed:terracotta_block_4x"},"energy":960000,"conditions":[{"type":"forge:and","values":[{"type":"forge:not","value":{"type":"forge:mod_loaded","modid":"compressium"}},{"type":"forge:mod_loaded","modid":"thermal"}]}]}: Invalid Thermal Series recipe: thermal:furnace/allthecompressed/terracotta/4x
Refer to the recipe's ResourceLocation to find the mod responsible and let them know!
[00:23:14] [WARN] Error parsing recipe thermal:furnace/allthecompressed/terracotta/9x[thermal:furnace]: {"type":"thermal:furnace","ingredient":{"item":"allthecompressed:clay_block_9x","count":1},"result":{"item":"allthecompressed:terracotta_block_9x"},"energy":2400000,"conditions":[{"type":"forge:and","values":[{"type":"forge:not","value":{"type":"forge:mod_loaded","modid":"compressium"}},{"type":"forge:mod_loaded","modid":"thermal"}]}]}: Invalid Thermal Series recipe: thermal:furnace/allthecompressed/terracotta/9x
Refer to the recipe's ResourceLocation to find the mod responsible and let them know!
[00:23:14] [WARN] Error parsing recipe thermal:furnace/allthecompressed/terracotta/7x[thermal:furnace]: {"type":"thermal:furnace","ingredient":{"item":"allthecompressed:clay_block_7x","count":1},"result":{"item":"allthecompressed:terracotta_block_7x"},"energy":1680000,"conditions":[{"type":"forge:and","values":[{"type":"forge:not","value":{"type":"forge:mod_loaded","modid":"compressium"}},{"type":"forge:mod_loaded","modid":"thermal"}]}]}: Invalid Thermal Series recipe: thermal:furnace/allthecompressed/terracotta/7x
Refer to the recipe's ResourceLocation to find the mod responsible and let them know!
[00:23:14] [WARN] Error parsing recipe thermal:furnace/allthecompressed/terracotta/8x[thermal:furnace]: {"type":"thermal:furnace","ingredient":{"item":"allthecompressed:clay_block_8x","count":1},"result":{"item":"allthecompressed:terracotta_block_8x"},"energy":2160000,"conditions":[{"type":"forge:and","values":[{"type":"forge:not","value":{"type":"forge:mod_loaded","modid":"compressium"}},{"type":"forge:mod_loaded","modid":"thermal"}]}]}: Invalid Thermal Series recipe: thermal:furnace/allthecompressed/terracotta/8x
Refer to the recipe's ResourceLocation to find the mod responsible and let them know!
[00:23:14] [WARN] Error parsing recipe railways:sequenced_assembly/track_biomesoplenty_cherry_narrow[create:sequenced_assembly]: {"fabric:load_conditions":[{"condition":"fabric:all_mods_loaded","values":["biomesoplenty"]}],"type":"create:sequenced_assembly","conditions":[{"type":"forge:mod_loaded","modid":"biomesoplenty"}],"ingredient":{"item":"biomesoplenty:cherry_slab"},"loops":1,"results":[{"item":"railways:track_biomesoplenty_cherry_narrow"}],"sequence":[{"type":"create:cutting","ingredients":[{"item":"railways:track_incomplete_biomesoplenty_cherry_narrow"}],"results":[{"item":"railways:track_incomplete_biomesoplenty_cherry_narrow"}]},{"type":"create:deploying","ingredients":[{"item":"railways:track_incomplete_biomesoplenty_cherry_narrow"},[{"tag":"railways:internal/nuggets/iron_nuggets"},{"tag":"railways:internal/nuggets/zinc_nuggets"}]],"results":[{"item":"railways:track_incomplete_biomesoplenty_cherry_narrow"}]},{"type":"create:pressing","ingredients":[{"item":"railways:track_incomplete_biomesoplenty_cherry_narrow"}],"results":[{"item":"railways:track_incomplete_biomesoplenty_cherry_narrow"}]}],"transitionalItem":{"item":"railways:track_incomplete_biomesoplenty_cherry_narrow"}}: Unknown item 'biomesoplenty:cherry_slab'
[00:23:14] [WARN] Error parsing recipe create:cutting/compat/biomesoplenty/stripped_cherry_log[create:cutting]: {"type":"create:cutting","conditions":[{"type":"forge:mod_loaded","modid":"biomesoplenty"}],"ingredients":[{"item":"biomesoplenty:stripped_cherry_log"}],"processingTime":50,"results":[{"count":6,"item":"biomesoplenty:cherry_planks"}]}: Unknown item 'biomesoplenty:stripped_cherry_log'
[00:23:14] [WARN] Error parsing recipe create:cutting/compat/biomesoplenty/cherry_wood[create:cutting]: {"type":"create:cutting","conditions":[{"type":"forge:mod_loaded","modid":"biomesoplenty"}],"ingredients":[{"item":"biomesoplenty:cherry_wood"}],"processingTime":50,"results":[{"item":"biomesoplenty:stripped_cherry_wood"}]}: Unknown item 'biomesoplenty:cherry_wood'
[00:23:14] [WARN] Error parsing recipe railways:sequenced_assembly/track_biomesoplenty_cherry[create:sequenced_assembly]: {"fabric:load_conditions":[{"condition":"fabric:all_mods_loaded","values":["biomesoplenty"]}],"type":"create:sequenced_assembly","conditions":[{"type":"forge:mod_loaded","modid":"biomesoplenty"}],"ingredient":{"item":"biomesoplenty:cherry_slab"},"loops":1,"results":[{"item":"railways:track_biomesoplenty_cherry"}],"sequence":[{"type":"create:deploying","ingredients":[{"item":"railways:track_incomplete_biomesoplenty_cherry"},[{"tag":"railways:internal/nuggets/iron_nuggets"},{"tag":"railways:internal/nuggets/zinc_nuggets"}]],"results":[{"item":"railways:track_incomplete_biomesoplenty_cherry"}]},{"type":"create:deploying","ingredients":[{"item":"railways:track_incomplete_biomesoplenty_cherry"},[{"tag":"railways:internal/nuggets/iron_nuggets"},{"tag":"railways:internal/nuggets/zinc_nuggets"}]],"results":[{"item":"railways:track_incomplete_biomesoplenty_cherry"}]},{"type":"create:pressing","ingredients":[{"item":"railways:track_incomplete_biomesoplenty_cherry"}],"results":[{"item":"railways:track_incomplete_biomesoplenty_cherry"}]}],"transitionalItem":{"item":"railways:track_incomplete_biomesoplenty_cherry"}}: Unknown item 'biomesoplenty:cherry_slab'
[00:23:14] [WARN] Error parsing recipe thermal:compat/biomesoplenty/insolator_bop_white_cherry_sapling[thermal:insolator]: {"type":"thermal:insolator","ingredient":{"item":"biomesoplenty:white_cherry_sapling"},"result":[{"item":"biomesoplenty:cherry_log","chance":6.0},{"item":"biomesoplenty:white_cherry_sapling","chance":1.1}],"energy_mod":3.0,"water_mod":3.0,"conditions":[{"type":"thermal:flag","flag":"mod_biomesoplenty"}]}: Invalid Thermal Series recipe: thermal:compat/biomesoplenty/insolator_bop_white_cherry_sapling
Refer to the recipe's ResourceLocation to find the mod responsible and let them know!
[00:23:14] [WARN] Error parsing recipe create:cutting/compat/forbidden_arcanus/cherrywood[create:cutting]: {"type":"create:cutting","conditions":[{"type":"forge:mod_loaded","modid":"forbidden_arcanus"}],"ingredients":[{"item":"forbidden_arcanus:cherrywood"}],"processingTime":50,"results":[{"item":"forbidden_arcanus:stripped_cherrywood"}]}: Unknown item 'forbidden_arcanus:cherrywood'
[00:23:14] [WARN] Error parsing recipe create:cutting/compat/forbidden_arcanus/stripped_mysterywood_log[create:cutting]: {"type":"create:cutting","conditions":[{"type":"forge:mod_loaded","modid":"forbidden_arcanus"}],"ingredients":[{"item":"forbidden_arcanus:stripped_mysterywood_log"}],"processingTime":50,"results":[{"count":6,"item":"forbidden_arcanus:mysterywood_planks"}]}: Unknown item 'forbidden_arcanus:stripped_mysterywood_log'
[00:23:14] [WARN] Error parsing recipe create:cutting/compat/biomesoplenty/stripped_cherry_wood[create:cutting]: {"type":"create:cutting","conditions":[{"type":"forge:mod_loaded","modid":"biomesoplenty"}],"ingredients":[{"item":"biomesoplenty:stripped_cherry_wood"}],"processingTime":50,"results":[{"count":6,"item":"biomesoplenty:cherry_planks"}]}: Unknown item 'biomesoplenty:stripped_cherry_wood'
[00:23:14] [WARN] Error parsing recipe railways:sequenced_assembly/track_biomesoplenty_cherry_wide[create:sequenced_assembly]: {"fabric:load_conditions":[{"condition":"fabric:all_mods_loaded","values":["biomesoplenty"]}],"type":"create:sequenced_assembly","conditions":[{"type":"forge:mod_loaded","modid":"biomesoplenty"}],"ingredient":{"item":"railways:track_biomesoplenty_cherry"},"loops":1,"results":[{"item":"railways:track_biomesoplenty_cherry_wide"}],"sequence":[{"type":"create:cutting","ingredients":[{"item":"railways:track_incomplete_biomesoplenty_cherry_wide"}],"results":[{"item":"railways:track_incomplete_biomesoplenty_cherry_wide"}]},{"type":"create:deploying","ingredients":[{"item":"railways:track_incomplete_biomesoplenty_cherry_wide"},{"item":"biomesoplenty:cherry_slab"}],"results":[{"item":"railways:track_incomplete_biomesoplenty_cherry_wide"}]},{"type":"create:pressing","ingredients":[{"item":"railways:track_incomplete_biomesoplenty_cherry_wide"}],"results":[{"item":"railways:track_incomplete_biomesoplenty_cherry_wide"}]}],"transitionalItem":{"item":"railways:track_incomplete_biomesoplenty_cherry_wide"}}: Unknown item 'biomesoplenty:cherry_slab'
[00:23:14] [WARN] Error parsing recipe create:cutting/compat/blue_skies/cherry_wood[create:cutting]: {"type":"create:cutting","conditions":[{"type":"forge:mod_loaded","modid":"blue_skies"}],"ingredients":[{"item":"blue_skies:cherry_wood"}],"processingTime":50,"results":[{"item":"blue_skies:stripped_cherry_wood"}]}: Unknown item 'blue_skies:cherry_wood'
[00:23:14] [WARN] Error parsing recipe thermal:furnace/allthecompressed/stone/deepslate/1x[thermal:furnace]: {"type":"thermal:furnace","ingredient":{"item":"allthecompressed:cobbled_deepslate_block_1x","count":1},"result":{"item":"allthecompressed:deepslate_block_1x"},"energy":240000,"conditions":[{"type":"forge:and","values":[{"type":"forge:not","value":{"type":"forge:mod_loaded","modid":"compressium"}},{"type":"forge:mod_loaded","modid":"thermal"}]}]}: Invalid Thermal Series recipe: thermal:furnace/allthecompressed/stone/deepslate/1x
Refer to the recipe's ResourceLocation to find the mod responsible and let them know!
[00:23:14] [WARN] Error parsing recipe thermal:furnace/allthecompressed/stone/deepslate/2x[thermal:furnace]: {"type":"thermal:furnace","ingredient":{"item":"allthecompressed:cobbled_deepslate_block_2x","count":1},"result":{"item":"allthecompressed:deepslate_block_2x"},"energy":480000,"conditions":[{"type":"forge:and","values":[{"type":"forge:not","value":{"type":"forge:mod_loaded","modid":"compressium"}},{"type":"forge:mod_loaded","modid":"thermal"}]}]}: Invalid Thermal Series recipe: thermal:furnace/allthecompressed/stone/deepslate/2x
Refer to the recipe's ResourceLocation to find the mod responsible and let them know!
[00:23:14] [WARN] Error parsing recipe thermal:furnace/allthecompressed/stone/deepslate/3x[thermal:furnace]: {"type":"thermal:furnace","ingredient":{"item":"allthecompressed:cobbled_deepslate_block_3x","count":1},"result":{"item":"allthecompressed:deepslate_block_3x"},"energy":720000,"conditions":[{"type":"forge:and","values":[{"type":"forge:not","value":{"type":"forge:mod_loaded","modid":"compressium"}},{"type":"forge:mod_loaded","modid":"thermal"}]}]}: Invalid Thermal Series recipe: thermal:furnace/allthecompressed/stone/deepslate/3x
Refer to the recipe's ResourceLocation to find the mod responsible and let them know!
[00:23:14] [WARN] Error parsing recipe thermal:furnace/allthecompressed/stone/deepslate/5x[thermal:furnace]: {"type":"thermal:furnace","ingredient":{"item":"allthecompressed:cobbled_deepslate_block_5x","count":1},"result":{"item":"allthecompressed:deepslate_block_5x"},"energy":1200000,"conditions":[{"type":"forge:and","values":[{"type":"forge:not","value":{"type":"forge:mod_loaded","modid":"compressium"}},{"type":"forge:mod_loaded","modid":"thermal"}]}]}: Invalid Thermal Series recipe: thermal:furnace/allthecompressed/stone/deepslate/5x
Refer to the recipe's ResourceLocation to find the mod responsible and let them know!
[00:23:14] [WARN] Error parsing recipe thermal:furnace/allthecompressed/stone/deepslate/4x[thermal:furnace]: {"type":"thermal:furnace","ingredient":{"item":"allthecompressed:cobbled_deepslate_block_4x","count":1},"result":{"item":"allthecompressed:deepslate_block_4x"},"energy":960000,"conditions":[{"type":"forge:and","values":[{"type":"forge:not","value":{"type":"forge:mod_loaded","modid":"compressium"}},{"type":"forge:mod_loaded","modid":"thermal"}]}]}: Invalid Thermal Series recipe: thermal:furnace/allthecompressed/stone/deepslate/4x
Refer to the recipe's ResourceLocation to find the mod responsible and let them know!
[00:23:14] [WARN] Error parsing recipe thermal:furnace/allthecompressed/stone/deepslate/6x[thermal:furnace]: {"type":"thermal:furnace","ingredient":{"item":"allthecompressed:cobbled_deepslate_block_6x","count":1},"result":{"item":"allthecompressed:deepslate_block_6x"},"energy":1440000,"conditions":[{"type":"forge:and","values":[{"type":"forge:not","value":{"type":"forge:mod_loaded","modid":"compressium"}},{"type":"forge:mod_loaded","modid":"thermal"}]}]}: Invalid Thermal Series recipe: thermal:furnace/allthecompressed/stone/deepslate/6x
Refer to the recipe's ResourceLocation to find the mod responsible and let them know!
[00:23:14] [WARN] Error parsing recipe thermal:furnace/allthecompressed/stone/deepslate/7x[thermal:furnace]: {"type":"thermal:furnace","ingredient":{"item":"allthecompressed:cobbled_deepslate_block_7x","count":1},"result":{"item":"allthecompressed:deepslate_block_7x"},"energy":1680000,"conditions":[{"type":"forge:and","values":[{"type":"forge:not","value":{"type":"forge:mod_loaded","modid":"compressium"}},{"type":"forge:mod_loaded","modid":"thermal"}]}]}: Invalid Thermal Series recipe: thermal:furnace/allthecompressed/stone/deepslate/7x
Refer to the recipe's ResourceLocation to find the mod responsible and let them know!
[00:23:14] [WARN] Error parsing recipe thermal:furnace/allthecompressed/stone/deepslate/8x[thermal:furnace]: {"type":"thermal:furnace","ingredient":{"item":"allthecompressed:cobbled_deepslate_block_8x","count":1},"result":{"item":"allthecompressed:deepslate_block_8x"},"energy":2160000,"conditions":[{"type":"forge:and","values":[{"type":"forge:not","value":{"type":"forge:mod_loaded","modid":"compressium"}},{"type":"forge:mod_loaded","modid":"thermal"}]}]}: Invalid Thermal Series recipe: thermal:furnace/allthecompressed/stone/deepslate/8x
Refer to the recipe's ResourceLocation to find the mod responsible and let them know!
[00:23:14] [INFO] Added 2598 recipes, removed 243 recipes, modified 14 recipes, with 42 failed recipes in 1.122 s
[00:23:28] [INFO] Server resource reload complete!
