[00:21:50] [INIT] KubeJS 2001.6.4-build.130; MC 2001 forge
[00:21:50] [INIT] Loaded plugins:
[00:21:50] [INIT] - dev.latvian.mods.kubejs.forge.BuiltinKubeJSForgePlugin
[00:21:50] [INIT] - com.lowdragmc.lowdraglib.kjs.LDLibKubeJSPlugin
[00:21:50] [INIT] - dev.ftb.mods.ftbxmodcompat.ftbquests.kubejs.KubeJSIntegration
[00:21:50] [INIT] - dev.ftb.mods.ftbxmodcompat.ftbchunks.kubejs.FTBChunksKubeJSPlugin
[00:21:50] [INIT] - dev.ftb.mods.ftbxmodcompat.ftbteams.kubejs.FTBTeamsKubeJSPlugin
[00:21:50] [INIT] - com.gregtechceu.gtceu.integration.kjs.GregTechKubeJSPlugin
[00:21:50] [INIT] - com.tom.createores.kubejs.KubeJSExcavation
[00:21:50] [INIT] - com.almostreliable.morejs.Plugin
[00:21:50] [INIT] - com.blakebr0.cucumber.compat.kubejs.CucumberKubeJSPlugin
[00:21:50] [INIT] - com.almostreliable.ponderjs.PonderJSPlugin
[00:21:51] [INFO] farmingForBlockheads.js#8: Loaded Java class 'net.blay09.mods.farmingforblockheads.api.FarmingForBlockheadsAPI'
[00:21:51] [INFO] Loaded script startup_scripts:farmingForBlockheads.js in 0.078 s
[00:21:51] [INFO] Loaded script startup_scripts:worldgen.js in 0.003 s
[00:21:51] [INFO] Loaded script startup_scripts:settings.js in 0.021 s
[00:21:51] [INFO] mekanismStartup.js#16: Loaded Java class 'mekanism.api.chemical.slurry.Slurry'
[00:21:51] [INFO] mekanismStartup.js#17: Loaded Java class 'mekanism.api.chemical.slurry.SlurryBuilder'
[00:21:51] [INFO] mekanismStartup.js#18: Loaded Java class 'mekanism.api.chemical.gas.Gas'
[00:21:51] [INFO] mekanismStartup.js#19: Loaded Java class 'mekanism.api.chemical.gas.GasBuilder'
[00:21:51] [INFO] Loaded script startup_scripts:mekanismStartup.js in 0.006 s
[00:21:51] [INFO] Loaded script startup_scripts:mining_dim_layers.js in 0.001 s
[00:21:51] [INFO] Loaded script startup_scripts:gtceu/gregstar_placeholders.js in 0.001 s
[00:21:51] [INFO] Loaded script startup_scripts:gtceu/micro_universe_orb.js in 0.015 s
[00:21:51] [INFO] Loaded script startup_scripts:gtceu/alcr.js in 0.001 s
[00:21:51] [INFO] gtceu/material_modification.js#1: Loaded Java class 'com.gregtechceu.gtceu.api.data.chemical.material.properties.FluidProperty'
[00:21:51] [INFO] gtceu/material_modification.js#2: Loaded Java class 'com.gregtechceu.gtceu.api.data.chemical.material.properties.OreProperty'
[00:21:51] [INFO] Loaded script startup_scripts:gtceu/material_modification.js in 0.002 s
[00:21:51] [INFO] Loaded script startup_scripts:gtceu/starforge.js in 0.001 s
[00:21:51] [INFO] gtceu/mega_fusion_reactor.js#1: Loaded Java class 'com.gregtechceu.gtceu.common.machine.multiblock.electric.FusionReactorMachine'
[00:21:51] [INFO] Loaded script startup_scripts:gtceu/mega_fusion_reactor.js in 0.024 s
[00:21:51] [INFO] Loaded script startup_scripts:custom_additions.js in 0.0 s
[00:21:51] [INFO] mysticalagriculture.js#1: Loaded Java class 'com.blakebr0.mysticalagriculture.api.MysticalAgricultureAPI'
[00:21:51] [INFO] Loaded script startup_scripts:mysticalagriculture.js in 0.001 s
[00:21:51] [INFO] Loaded 13/13 KubeJS startup scripts in 0.633 s with 0 errors and 0 warnings
